<?xml version="1.0" encoding="UTF-8"?>
<!-- Generated by org.testng.reporters.JUnitXMLReporter -->
<testsuite ignored="0" hostname="ZaigoPC" failures="0" tests="4" name="Default test" time="112.586" errors="0" timestamp="2023-06-16T16:56:53 IST">
  <testcase classname="org.recircle.test.PurchaseOrderCreation" name="Login" time="11.126"/>
  <testcase classname="org.recircle.test.PurchaseOrderCreation" name="AddPo" time="1.077"/>
  <testcase classname="org.recircle.test.PurchaseOrderCreation" name="ClickPo" time="3.219"/>
  <testcase classname="org.recircle.test.PurchaseOrderCreation" name="resgistration" time="94.688"/>
</testsuite> <!-- Default test -->
