<?xml version="1.0" encoding="UTF-8"?>
<testng-results ignored="0" total="4" passed="3" failed="1" skipped="0">
  <reporter-output>
  </reporter-output>
  <suite started-at="2023-06-15T15:56:45 IST" name="Default suite" finished-at="2023-06-15T15:57:14 IST" duration-ms="28293">
    <groups>
    </groups>
    <test started-at="2023-06-15T15:56:45 IST" name="Default test" finished-at="2023-06-15T15:57:14 IST" duration-ms="28293">
      <class name="org.recircle.test.PurchaseOrderCreation">
        <test-method is-config="true" signature="beforelaunch()[pri:0, instance:org.recircle.test.PurchaseOrderCreation@5e2c3d18]" started-at="2023-06-15T15:56:45 IST" name="beforelaunch" finished-at="2023-06-15T15:56:48 IST" duration-ms="2411" status="PASS">
          <reporter-output>
          </reporter-output>
        </test-method> <!-- beforelaunch -->
        <test-method signature="Login()[pri:1, instance:org.recircle.test.PurchaseOrderCreation@5e2c3d18]" started-at="2023-06-15T15:56:48 IST" name="Login" finished-at="2023-06-15T15:57:02 IST" duration-ms="14504" status="PASS">
          <reporter-output>
          </reporter-output>
        </test-method> <!-- Login -->
        <test-method signature="AddPo()[pri:2, instance:org.recircle.test.PurchaseOrderCreation@5e2c3d18]" started-at="2023-06-15T15:57:02 IST" name="AddPo" finished-at="2023-06-15T15:57:04 IST" duration-ms="1662" status="PASS">
          <reporter-output>
          </reporter-output>
        </test-method> <!-- AddPo -->
        <test-method signature="ClickPo()[pri:3, instance:org.recircle.test.PurchaseOrderCreation@5e2c3d18]" started-at="2023-06-15T15:57:04 IST" name="ClickPo" finished-at="2023-06-15T15:57:12 IST" duration-ms="7647" status="PASS">
          <reporter-output>
          </reporter-output>
        </test-method> <!-- ClickPo -->
        <test-method signature="resgistration()[pri:4, instance:org.recircle.test.PurchaseOrderCreation@5e2c3d18]" started-at="2023-06-15T15:57:12 IST" name="resgistration" finished-at="2023-06-15T15:57:14 IST" duration-ms="2004" status="FAIL">
          <exception class="org.openqa.selenium.interactions.MoveTargetOutOfBoundsException">
            <message>
              <![CDATA[move target out of bounds
  (Session info: chrome=114.0.5735.110)
Build info: version: '4.10.0', revision: 'c14d967899'
System info: os.name: 'Windows 11', os.arch: 'amd64', os.version: '10.0', java.version: '17.0.4'
Driver info: org.openqa.selenium.chrome.ChromeDriver
Command: [8cf6afad5056ed398f810381b29357a7, actions {actions=[org.openqa.selenium.interactions.Sequence@11f9535b]}]
Capabilities {acceptInsecureCerts: false, browserName: chrome, browserVersion: 114.0.5735.110, chrome: {chromedriverVersion: 114.0.5735.90 (386bc09e8f4f..., userDataDir: C:\Users\manoj\AppData\Loca...}, goog:chromeOptions: {debuggerAddress: localhost:60394}, networkConnectionEnabled: false, pageLoadStrategy: normal, platformName: windows, proxy: Proxy(), se:cdp: ws://localhost:60394/devtoo..., se:cdpVersion: 114.0.5735.110, setWindowRect: true, strictFileInteractability: false, timeouts: {implicit: 0, pageLoad: 300000, script: 30000}, unhandledPromptBehavior: dismiss and notify, webauthn:extension:credBlob: true, webauthn:extension:largeBlob: true, webauthn:extension:minPinLength: true, webauthn:extension:prf: true, webauthn:virtualAuthenticators: true}
Session ID: 8cf6afad5056ed398f810381b29357a7]]>
            </message>
            <full-stacktrace>
              <![CDATA[org.openqa.selenium.interactions.MoveTargetOutOfBoundsException: move target out of bounds
  (Session info: chrome=114.0.5735.110)
Build info: version: '4.10.0', revision: 'c14d967899'
System info: os.name: 'Windows 11', os.arch: 'amd64', os.version: '10.0', java.version: '17.0.4'
Driver info: org.openqa.selenium.chrome.ChromeDriver
Command: [8cf6afad5056ed398f810381b29357a7, actions {actions=[org.openqa.selenium.interactions.Sequence@11f9535b]}]
Capabilities {acceptInsecureCerts: false, browserName: chrome, browserVersion: 114.0.5735.110, chrome: {chromedriverVersion: 114.0.5735.90 (386bc09e8f4f..., userDataDir: C:\Users\manoj\AppData\Loca...}, goog:chromeOptions: {debuggerAddress: localhost:60394}, networkConnectionEnabled: false, pageLoadStrategy: normal, platformName: windows, proxy: Proxy(), se:cdp: ws://localhost:60394/devtoo..., se:cdpVersion: 114.0.5735.110, setWindowRect: true, strictFileInteractability: false, timeouts: {implicit: 0, pageLoad: 300000, script: 30000}, unhandledPromptBehavior: dismiss and notify, webauthn:extension:credBlob: true, webauthn:extension:largeBlob: true, webauthn:extension:minPinLength: true, webauthn:extension:prf: true, webauthn:virtualAuthenticators: true}
Session ID: 8cf6afad5056ed398f810381b29357a7
at java.base/jdk.internal.reflect.NativeConstructorAccessorImpl.newInstance0(Native Method)
at java.base/jdk.internal.reflect.NativeConstructorAccessorImpl.newInstance(NativeConstructorAccessorImpl.java:77)
at java.base/jdk.internal.reflect.DelegatingConstructorAccessorImpl.newInstance(DelegatingConstructorAccessorImpl.java:45)
at java.base/java.lang.reflect.Constructor.newInstanceWithCaller(Constructor.java:499)
at java.base/java.lang.reflect.Constructor.newInstance(Constructor.java:480)
at org.openqa.selenium.remote.codec.w3c.W3CHttpResponseCodec.createException(W3CHttpResponseCodec.java:199)
at org.openqa.selenium.remote.codec.w3c.W3CHttpResponseCodec.decode(W3CHttpResponseCodec.java:132)
at org.openqa.selenium.remote.codec.w3c.W3CHttpResponseCodec.decode(W3CHttpResponseCodec.java:51)
at org.openqa.selenium.remote.HttpCommandExecutor.execute(HttpCommandExecutor.java:191)
at org.openqa.selenium.remote.service.DriverCommandExecutor.invokeExecute(DriverCommandExecutor.java:196)
at org.openqa.selenium.remote.service.DriverCommandExecutor.execute(DriverCommandExecutor.java:171)
at org.openqa.selenium.remote.RemoteWebDriver.execute(RemoteWebDriver.java:531)
at org.openqa.selenium.remote.RemoteWebDriver.perform(RemoteWebDriver.java:603)
at org.openqa.selenium.interactions.Actions$BuiltAction.perform(Actions.java:585)
at org.openqa.selenium.interactions.Actions.perform(Actions.java:554)
at baseClass.org.BaseClass.mouseActionClick(BaseClass.java:162)
at org.Recircle.page.po_creation.poRegistration(po_creation.java:91)
at org.recircle.test.PurchaseOrderCreation.resgistration(PurchaseOrderCreation.java:59)
at java.base/jdk.internal.reflect.NativeMethodAccessorImpl.invoke0(Native Method)
at java.base/jdk.internal.reflect.NativeMethodAccessorImpl.invoke(NativeMethodAccessorImpl.java:77)
at java.base/jdk.internal.reflect.DelegatingMethodAccessorImpl.invoke(DelegatingMethodAccessorImpl.java:43)
at java.base/java.lang.reflect.Method.invoke(Method.java:568)
at org.testng.internal.invokers.MethodInvocationHelper.invokeMethod(MethodInvocationHelper.java:139)
at org.testng.internal.invokers.TestInvoker.invokeMethod(TestInvoker.java:664)
at org.testng.internal.invokers.TestInvoker.invokeTestMethod(TestInvoker.java:227)
at org.testng.internal.invokers.MethodRunner.runInSequence(MethodRunner.java:50)
at org.testng.internal.invokers.TestInvoker$MethodInvocationAgent.invoke(TestInvoker.java:957)
at org.testng.internal.invokers.TestInvoker.invokeTestMethods(TestInvoker.java:200)
at org.testng.internal.invokers.TestMethodWorker.invokeTestMethods(TestMethodWorker.java:148)
at org.testng.internal.invokers.TestMethodWorker.run(TestMethodWorker.java:128)
at java.base/java.util.ArrayList.forEach(ArrayList.java:1511)
at org.testng.TestRunner.privateRun(TestRunner.java:848)
at org.testng.TestRunner.run(TestRunner.java:621)
at org.testng.SuiteRunner.runTest(SuiteRunner.java:443)
at org.testng.SuiteRunner.runSequentially(SuiteRunner.java:437)
at org.testng.SuiteRunner.privateRun(SuiteRunner.java:397)
at org.testng.SuiteRunner.run(SuiteRunner.java:336)
at org.testng.SuiteRunnerWorker.runSuite(SuiteRunnerWorker.java:52)
at org.testng.SuiteRunnerWorker.run(SuiteRunnerWorker.java:95)
at org.testng.TestNG.runSuitesSequentially(TestNG.java:1280)
at org.testng.TestNG.runSuitesLocally(TestNG.java:1200)
at org.testng.TestNG.runSuites(TestNG.java:1114)
at org.testng.TestNG.run(TestNG.java:1082)
at org.testng.remote.AbstractRemoteTestNG.run(AbstractRemoteTestNG.java:115)
at org.testng.remote.RemoteTestNG.initAndRun(RemoteTestNG.java:251)
at org.testng.remote.RemoteTestNG.main(RemoteTestNG.java:77)
]]>
            </full-stacktrace>
          </exception> <!-- org.openqa.selenium.interactions.MoveTargetOutOfBoundsException -->
          <reporter-output>
          </reporter-output>
        </test-method> <!-- resgistration -->
        <test-method is-config="true" signature="afterlaunch()[pri:0, instance:org.recircle.test.PurchaseOrderCreation@5e2c3d18]" started-at="2023-06-15T15:57:14 IST" name="afterlaunch" finished-at="2023-06-15T15:57:14 IST" duration-ms="0" status="PASS">
          <reporter-output>
          </reporter-output>
        </test-method> <!-- afterlaunch -->
      </class> <!-- org.recircle.test.PurchaseOrderCreation -->
    </test> <!-- Default test -->
  </suite> <!-- Default suite -->
</testng-results>
