<?xml version="1.0" encoding="UTF-8"?>
<testng-results ignored="0" total="4" passed="4" failed="0" skipped="0">
  <reporter-output>
  </reporter-output>
  <suite started-at="2023-06-16T16:55:01 IST" name="Default suite" finished-at="2023-06-16T16:56:53 IST" duration-ms="112586">
    <groups>
    </groups>
    <test started-at="2023-06-16T16:55:01 IST" name="Default test" finished-at="2023-06-16T16:56:53 IST" duration-ms="112586">
      <class name="org.recircle.test.PurchaseOrderCreation">
        <test-method is-config="true" signature="beforelaunch()[pri:0, instance:org.recircle.test.PurchaseOrderCreation@57a78e3]" started-at="2023-06-16T16:55:01 IST" name="beforelaunch" finished-at="2023-06-16T16:55:03 IST" duration-ms="2410" status="PASS">
          <reporter-output>
          </reporter-output>
        </test-method> <!-- beforelaunch -->
        <test-method signature="Login()[pri:1, instance:org.recircle.test.PurchaseOrderCreation@57a78e3]" started-at="2023-06-16T16:55:03 IST" name="Login" finished-at="2023-06-16T16:55:14 IST" duration-ms="11126" status="PASS">
          <reporter-output>
          </reporter-output>
        </test-method> <!-- Login -->
        <test-method signature="AddPo()[pri:2, instance:org.recircle.test.PurchaseOrderCreation@57a78e3]" started-at="2023-06-16T16:55:14 IST" name="AddPo" finished-at="2023-06-16T16:55:15 IST" duration-ms="1077" status="PASS">
          <reporter-output>
          </reporter-output>
        </test-method> <!-- AddPo -->
        <test-method signature="ClickPo()[pri:3, instance:org.recircle.test.PurchaseOrderCreation@57a78e3]" started-at="2023-06-16T16:55:15 IST" name="ClickPo" finished-at="2023-06-16T16:55:18 IST" duration-ms="3219" status="PASS">
          <reporter-output>
          </reporter-output>
        </test-method> <!-- ClickPo -->
        <test-method signature="resgistration()[pri:4, instance:org.recircle.test.PurchaseOrderCreation@57a78e3]" started-at="2023-06-16T16:55:18 IST" name="resgistration" finished-at="2023-06-16T16:56:53 IST" duration-ms="94688" status="PASS">
          <reporter-output>
          </reporter-output>
        </test-method> <!-- resgistration -->
        <test-method is-config="true" signature="afterlaunch()[pri:0, instance:org.recircle.test.PurchaseOrderCreation@57a78e3]" started-at="2023-06-16T16:56:53 IST" name="afterlaunch" finished-at="2023-06-16T16:56:53 IST" duration-ms="1" status="PASS">
          <reporter-output>
          </reporter-output>
        </test-method> <!-- afterlaunch -->
      </class> <!-- org.recircle.test.PurchaseOrderCreation -->
    </test> <!-- Default test -->
  </suite> <!-- Default suite -->
</testng-results>
